Build started 10/2/2014 4:43:02 PM.
     1>Project "C:\Users\Mr. Anderson\Documents\TCC1-2\workspace\NDVI\principal\win\ndvi\ConsoleApplication1\ConsoleApplication1\ConsoleApplication1.vcxproj" on node 2 (Rebuild target(s)).
     1>ClCompile:
         C:\Program Files (x86)\Microsoft Visual Studio 12.0\VC\bin\x86_amd64\CL.exe /c /ID:\opencv\build\x86\vc12\..\..\include /Zi /nologo /W3 /WX- /sdl /Od /D WIN32 /D _DEBUG /D _CONSOLE /D _LIB /D _UNICODE /D UNICODE /Gm /EHsc /RTC1 /MDd /GS /fp:precise /Zc:wchar_t /Zc:forScope /Fo"x64\Debug\\" /Fd"x64\Debug\vc120.pdb" /Gd /TP /errorReport:prompt nvdi.cpp
         nvdi.cpp
       Link:
         C:\Program Files (x86)\Microsoft Visual Studio 12.0\VC\bin\x86_amd64\link.exe /ERRORREPORT:PROMPT /OUT:"C:\Users\Mr. Anderson\Documents\TCC1-2\workspace\NDVI\principal\win\ndvi\ConsoleApplication1\x64\Debug\NVDI.exe" /INCREMENTAL /NOLOGO /LIBPATH:D:\opencv\build\x86\vc12\lib opencv_core249d.lib opencv_imgproc249d.lib opencv_highgui249d.lib opencv_ml249d.lib opencv_video249d.lib opencv_features2d249d.lib opencv_calib3d249d.lib opencv_objdetect249d.lib opencv_contrib249d.lib opencv_legacy249d.lib opencv_flann249d.lib kernel32.lib user32.lib gdi32.lib winspool.lib comdlg32.lib advapi32.lib shell32.lib ole32.lib oleaut32.lib uuid.lib odbc32.lib odbccp32.lib /MANIFEST /MANIFESTUAC:"level='asInvoker' uiAccess='false'" /manifest:embed /DEBUG /PDB:"C:\Users\Mr. Anderson\Documents\TCC1-2\workspace\NDVI\principal\win\ndvi\ConsoleApplication1\x64\Debug\NVDI.pdb" /SUBSYSTEM:CONSOLE /TLBID:1 /DYNAMICBASE /NXCOMPAT /IMPLIB:"C:\Users\Mr. Anderson\Documents\TCC1-2\workspace\NDVI\principal\win\ndvi\ConsoleApplication1\x64\Debug\NVDI.lib" /MACHINE:X64 x64\Debug\nvdi.obj
     1>opencv_highgui249d.lib(opencv_highgui249d.dll) : fatal error LNK1112: module machine type 'X86' conflicts with target machine type 'x64'
     1>Done Building Project "C:\Users\Mr. Anderson\Documents\TCC1-2\workspace\NDVI\principal\win\ndvi\ConsoleApplication1\ConsoleApplication1\ConsoleApplication1.vcxproj" (Rebuild target(s)) -- FAILED.

Build FAILED.

Time Elapsed 00:00:00.96
