Build started 10/2/2014 5:38:28 PM.
     1>Project "C:\Users\Mr. Anderson\Documents\TCC1-2\workspace\NDVI\principal\win\nvdi2\nvdi\nvdi\nvdi.vcxproj" on node 2 (Build target(s)).
     1>ClCompile:
         C:\Program Files (x86)\Microsoft Visual Studio 12.0\VC\bin\CL.exe /c /ZI /nologo /W3 /WX- /Od /Oy- /D WIN32 /D _DEBUG /D _CONSOLE /D _LIB /D _UNICODE /D UNICODE /Gm /EHsc /RTC1 /MDd /GS /fp:precise /Zc:wchar_t /Zc:forScope /Fo"Debug\\" /Fd"Debug\vc120.pdb" /Gd /TP /analyze- /errorReport:prompt Source.cpp
         Source.cpp
     1>c:\users\mr. anderson\documents\tcc1-2\workspace\ndvi\principal\win\nvdi2\nvdi\nvdi\source.cpp(1): fatal error C1083: Cannot open include file: 'opencv2/objdetect/objdetect.hpp': No such file or directory
     1>Done Building Project "C:\Users\Mr. Anderson\Documents\TCC1-2\workspace\NDVI\principal\win\nvdi2\nvdi\nvdi\nvdi.vcxproj" (Build target(s)) -- FAILED.

Build FAILED.

Time Elapsed 00:00:00.21
